<?xml version="1.0" encoding="UTF-8"?>
<!-- Generated by org.testng.reporters.JUnitReportReporter -->
<testsuite hostname="SPRUST15" failures="0" tests="1" name="com.OrangeHRM.test.testRunner" time="4.290" errors="0" timestamp="11 Nov 2020 12:48:18 GMT" skipped="0">
  <testcase classname="com.OrangeHRM.test.testRunner" name="TC01" time="4.290"/>
</testsuite> <!-- com.OrangeHRM.test.testRunner -->
